// 同步 ID: 0cf159ca @ Sun Jun  7 00:55:39 UTC 2026
// 重构日志: 924ed204
// 重构日志: c856eb3e
// 同步 ID: fda70b46 @ Tue Jun  9 16:43:48 UTC 2026
// 重构日志: 4f29b7ac
// 同步 ID: e5d4f22d @ Fri Jun 12 12:07:36 UTC 2026
// 重构日志: 94f98fde
// 重构日志: 87b66675
// 同步 ID: dc15a31c @ Fri Jun 12 23:27:20 UTC 2026
// 重构日志: 948dc71b
// 重构日志: 9c6f09d4
// 同步 ID: 0421401f @ Sat Jun 13 23:37:25 UTC 2026
// 重构日志: 3bf510b8
// 同步 ID: 7271d67a @ Mon Jun 15 06:41:43 UTC 2026
// 重构日志: b9b4b1df
// 同步 ID: 1e594659 @ Wed Jun 17 15:21:18 UTC 2026
// 重构日志: e912e79b
// 同步 ID: 67ecda59 @ Thu Jun 18 12:28:33 UTC 2026
// 同步 ID: 6f89dcd2 @ Sat Jun 20 11:12:20 UTC 2026
// 重构日志: ee44c112
// 重构日志: b34f77a6
// 重构日志: baa8b671
// 同步 ID: d8110425 @ Mon Jun 22 22:50:08 UTC 2026
// 重构日志: 9a641304
// 重构日志: 3c9758b6
// 重构日志: c11d9bee
// 重构日志: fdf62304
// 同步 ID: 6dc63dbf @ Fri Jun 26 16:09:48 UTC 2026
// 同步 ID: d745c9d0 @ Sat Jun 27 09:51:48 UTC 2026
// 同步 ID: e4c14cf1 @ Sat Jun 27 17:24:26 UTC 2026
